# JRE version: OpenJDK Runtime Environment (7.0_91-b02) (build 1.7.0_91-b02)
# Java VM: OpenJDK 64-Bit Server VM (24.91-b01 mixed mode linux-amd64 compressed oops)
Heap
 PSYoungGen      total 207360K, used 13823K [0x00000000eaa80000, 0x00000000f8580000, 0x0000000100000000)
  eden space 193536K, 0% used [0x00000000eaa80000,0x00000000eaa80000,0x00000000f6780000)
  from space 13824K, 99% used [0x00000000f6780000,0x00000000f74fff28,0x00000000f7500000)
  to   space 10752K, 0% used [0x00000000f7500000,0x00000000f7500000,0x00000000f7f80000)
 ParOldGen       total 39936K, used 37589K [0x00000000c0000000, 0x00000000c2700000, 0x00000000eaa80000)
  object space 39936K, 94% used [0x00000000c0000000,0x00000000c24b5438,0x00000000c2700000)
 PSPermGen       total 41472K, used 41228K [0x00000000b0000000, 0x00000000b2880000, 0x00000000c0000000)
  object space 41472K, 99% used [0x00000000b0000000,0x00000000b28431b0,0x00000000b2880000)
GC Heap History (10 events):
Event: 11.231 GC heap after
Heap after GC invocations=6 (full 0):
 PSYoungGen      total 69632K, used 5784K [0x00000000eaa80000, 0x00000000ef680000, 0x0000000100000000)
  eden space 61440K, 0% used [0x00000000eaa80000,0x00000000eaa80000,0x00000000ee680000)
  from space 8192K, 70% used [0x00000000eee80000,0x00000000ef426320,0x00000000ef680000)
  to   space 8192K, 0% used [0x00000000ee680000,0x00000000ee680000,0x00000000eee80000)
 ParOldGen       total 39936K, used 8290K [0x00000000c0000000, 0x00000000c2700000, 0x00000000eaa80000)
  object space 39936K, 20% used [0x00000000c0000000,0x00000000c08189a8,0x00000000c2700000)
 PSPermGen       total 21504K, used 20680K [0x00000000b0000000, 0x00000000b1500000, 0x00000000c0000000)
  object space 21504K, 96% used [0x00000000b0000000,0x00000000b1432140,0x00000000b1500000)
}
Event: 12.001 GC heap before
{Heap before GC invocations=7 (full 0):
 PSYoungGen      total 69632K, used 67224K [0x00000000eaa80000, 0x00000000ef680000, 0x0000000100000000)
  eden space 61440K, 100% used [0x00000000eaa80000,0x00000000ee680000,0x00000000ee680000)
  from space 8192K, 70% used [0x00000000eee80000,0x00000000ef426320,0x00000000ef680000)
  to   space 8192K, 0% used [0x00000000ee680000,0x00000000ee680000,0x00000000eee80000)
 ParOldGen       total 39936K, used 8290K [0x00000000c0000000, 0x00000000c2700000, 0x00000000eaa80000)
  object space 39936K, 20% used [0x00000000c0000000,0x00000000c08189a8,0x00000000c2700000)
 PSPermGen       total 21504K, used 20709K [0x00000000b0000000, 0x00000000b1500000, 0x00000000c0000000)
  object space 21504K, 96% used [0x00000000b0000000,0x00000000b14395f0,0x00000000b1500000)
Event: 12.019 GC heap after
Heap after GC invocations=7 (full 0):
 PSYoungGen      total 69632K, used 4452K [0x00000000eaa80000, 0x00000000f3180000, 0x0000000100000000)
  eden space 61440K, 0% used [0x00000000eaa80000,0x00000000eaa80000,0x00000000ee680000)
  from space 8192K, 54% used [0x00000000ee680000,0x00000000eead9130,0x00000000eee80000)
  to   space 7680K, 0% used [0x00000000f2a00000,0x00000000f2a00000,0x00000000f3180000)
 ParOldGen       total 39936K, used 8906K [0x00000000c0000000, 0x00000000c2700000, 0x00000000eaa80000)
  object space 39936K, 22% used [0x00000000c0000000,0x00000000c08b29e8,0x00000000c2700000)
 PSPermGen       total 21504K, used 20709K [0x00000000b0000000, 0x00000000b1500000, 0x00000000c0000000)
  object space 21504K, 96% used [0x00000000b0000000,0x00000000b14395f0,0x00000000b1500000)
}
Event: 12.599 GC heap before
{Heap before GC invocations=8 (full 0):
 PSYoungGen      total 69632K, used 65892K [0x00000000eaa80000, 0x00000000f3180000, 0x0000000100000000)
  eden space 61440K, 100% used [0x00000000eaa80000,0x00000000ee680000,0x00000000ee680000)
  from space 8192K, 54% used [0x00000000ee680000,0x00000000eead9130,0x00000000eee80000)
  to   space 7680K, 0% used [0x00000000f2a00000,0x00000000f2a00000,0x00000000f3180000)
 ParOldGen       total 39936K, used 8906K [0x00000000c0000000, 0x00000000c2700000, 0x00000000eaa80000)
  object space 39936K, 22% used [0x00000000c0000000,0x00000000c08b29e8,0x00000000c2700000)
 PSPermGen       total 21504K, used 20710K [0x00000000b0000000, 0x00000000b1500000, 0x00000000c0000000)
  object space 21504K, 96% used [0x00000000b0000000,0x00000000b1439a28,0x00000000b1500000)
Event: 12.617 GC heap after
Heap after GC invocations=8 (full 0):
 PSYoungGen      total 130560K, used 4168K [0x00000000eaa80000, 0x00000000f3180000, 0x0000000100000000)
  eden space 122880K, 0% used [0x00000000eaa80000,0x00000000eaa80000,0x00000000f2280000)
  from space 7680K, 54% used [0x00000000f2a00000,0x00000000f2e120f0,0x00000000f3180000)
  to   space 7680K, 0% used [0x00000000f2280000,0x00000000f2280000,0x00000000f2a00000)
 ParOldGen       total 39936K, used 9698K [0x00000000c0000000, 0x00000000c2700000, 0x00000000eaa80000)
  object space 39936K, 24% used [0x00000000c0000000,0x00000000c0978a68,0x00000000c2700000)
 PSPermGen       total 21504K, used 20710K [0x00000000b0000000, 0x00000000b1500000, 0x00000000c0000000)
  object space 21504K, 96% used [0x00000000b0000000,0x00000000b1439a28,0x00000000b1500000)
}
Event: 17.114 GC heap before
{Heap before GC invocations=9 (full 0):
 PSYoungGen      total 130560K, used 127048K [0x00000000eaa80000, 0x00000000f3180000, 0x0000000100000000)
  eden space 122880K, 100% used [0x00000000eaa80000,0x00000000f2280000,0x00000000f2280000)
  from space 7680K, 54% used [0x00000000f2a00000,0x00000000f2e120f0,0x00000000f3180000)
  to   space 7680K, 0% used [0x00000000f2280000,0x00000000f2280000,0x00000000f2a00000)
 ParOldGen       total 39936K, used 9698K [0x00000000c0000000, 0x00000000c2700000, 0x00000000eaa80000)
  object space 39936K, 24% used [0x00000000c0000000,0x00000000c0978a68,0x00000000c2700000)
 PSPermGen       total 27136K, used 26892K [0x00000000b0000000, 0x00000000b1a80000, 0x00000000c0000000)
  object space 27136K, 99% used [0x00000000b0000000,0x00000000b1a430e8,0x00000000b1a80000)
Event: 17.189 GC heap after
Heap after GC invocations=9 (full 0):
 PSYoungGen      total 130560K, used 7652K [0x00000000eaa80000, 0x00000000f7f80000, 0x0000000100000000)
  eden space 122880K, 0% used [0x00000000eaa80000,0x00000000eaa80000,0x00000000f2280000)
  from space 7680K, 99% used [0x00000000f2280000,0x00000000f29f9238,0x00000000f2a00000)
  to   space 10752K, 0% used [0x00000000f7500000,0x00000000f7500000,0x00000000f7f80000)
 ParOldGen       total 39936K, used 14920K [0x00000000c0000000, 0x00000000c2700000, 0x00000000eaa80000)
  object space 39936K, 37% used [0x00000000c0000000,0x00000000c0e92398,0x00000000c2700000)
 PSPermGen       total 27136K, used 26892K [0x00000000b0000000, 0x00000000b1a80000, 0x00000000c0000000)
  object space 27136K, 99% used [0x00000000b0000000,0x00000000b1a430e8,0x00000000b1a80000)
}
Event: 29.366 GC heap before
{Heap before GC invocations=10 (full 0):
 PSYoungGen      total 130560K, used 130532K [0x00000000eaa80000, 0x00000000f7f80000, 0x0000000100000000)
  eden space 122880K, 100% used [0x00000000eaa80000,0x00000000f2280000,0x00000000f2280000)
  from space 7680K, 99% used [0x00000000f2280000,0x00000000f29f9238,0x00000000f2a00000)
  to   space 10752K, 0% used [0x00000000f7500000,0x00000000f7500000,0x00000000f7f80000)
 ParOldGen       total 39936K, used 14920K [0x00000000c0000000, 0x00000000c2700000, 0x00000000eaa80000)
  object space 39936K, 37% used [0x00000000c0000000,0x00000000c0e92398,0x00000000c2700000)
 PSPermGen       total 34816K, used 34390K [0x00000000b0000000, 0x00000000b2200000, 0x00000000c0000000)
  object space 34816K, 98% used [0x00000000b0000000,0x00000000b2195aa8,0x00000000b2200000)
Event: 29.433 GC heap after
Heap after GC invocations=10 (full 0):
 PSYoungGen      total 204288K, used 10729K [0x00000000eaa80000, 0x00000000f8580000, 0x0000000100000000)
  eden space 193536K, 0% used [0x00000000eaa80000,0x00000000eaa80000,0x00000000f6780000)
  from space 10752K, 99% used [0x00000000f7500000,0x00000000f7f7a4b0,0x00000000f7f80000)
  to   space 13824K, 0% used [0x00000000f6780000,0x00000000f6780000,0x00000000f7500000)
 ParOldGen       total 39936K, used 20027K [0x00000000c0000000, 0x00000000c2700000, 0x00000000eaa80000)
  object space 39936K, 50% used [0x00000000c0000000,0x00000000c138ef38,0x00000000c2700000)
 PSPermGen       total 34816K, used 34390K [0x00000000b0000000, 0x00000000b2200000, 0x00000000c0000000)
  object space 34816K, 98% used [0x00000000b0000000,0x00000000b2195aa8,0x00000000b2200000)
}
Event: 37.539 GC heap before
{Heap before GC invocations=11 (full 0):
 PSYoungGen      total 204288K, used 204265K [0x00000000eaa80000, 0x00000000f8580000, 0x0000000100000000)
  eden space 193536K, 100% used [0x00000000eaa80000,0x00000000f6780000,0x00000000f6780000)
  from space 10752K, 99% used [0x00000000f7500000,0x00000000f7f7a4b0,0x00000000f7f80000)
  to   space 13824K, 0% used [0x00000000f6780000,0x00000000f6780000,0x00000000f7500000)
 ParOldGen       total 39936K, used 20027K [0x00000000c0000000, 0x00000000c2700000, 0x00000000eaa80000)
  object space 39936K, 50% used [0x00000000c0000000,0x00000000c138ef38,0x00000000c2700000)
 PSPermGen       total 41472K, used 41228K [0x00000000b0000000, 0x00000000b2880000, 0x00000000c0000000)
  object space 41472K, 99% used [0x00000000b0000000,0x00000000b28431b0,0x00000000b2880000)

