# JRE version: OpenJDK Runtime Environment (7.0_91-b02) (build 1.7.0_91-b02)
# Java VM: OpenJDK 64-Bit Server VM (24.91-b01 mixed mode linux-amd64 compressed oops)
Heap
 PSYoungGen      total 211968K, used 11050K [0x00000000eaa80000, 0x00000000f9500000, 0x0000000100000000)
  eden space 189440K, 0% used [0x00000000eaa80000,0x00000000eaa80000,0x00000000f6380000)
  from space 22528K, 49% used [0x00000000f6380000,0x00000000f6e4a9d0,0x00000000f7980000)
  to   space 16896K, 0% used [0x00000000f7980000,0x00000000f7980000,0x00000000f8a00000)
 ParOldGen       total 45056K, used 44728K [0x00000000c0000000, 0x00000000c2c00000, 0x00000000eaa80000)
  object space 45056K, 99% used [0x00000000c0000000,0x00000000c2bae2e8,0x00000000c2c00000)
 PSPermGen       total 43520K, used 43178K [0x00000000b0000000, 0x00000000b2a80000, 0x00000000c0000000)
  object space 43520K, 99% used [0x00000000b0000000,0x00000000b2a2a988,0x00000000b2a80000)
GC Heap History (10 events):
Event: 7.710 GC heap after
Heap after GC invocations=6 (full 0):
 PSYoungGen      total 69120K, used 6224K [0x00000000eaa80000, 0x00000000ef780000, 0x0000000100000000)
  eden space 60928K, 0% used [0x00000000eaa80000,0x00000000eaa80000,0x00000000ee600000)
  from space 8192K, 75% used [0x00000000eee80000,0x00000000ef494140,0x00000000ef680000)
  to   space 8704K, 0% used [0x00000000ee600000,0x00000000ee600000,0x00000000eee80000)
 ParOldGen       total 39936K, used 8305K [0x00000000c0000000, 0x00000000c2700000, 0x00000000eaa80000)
  object space 39936K, 20% used [0x00000000c0000000,0x00000000c081c4a8,0x00000000c2700000)
 PSPermGen       total 21504K, used 20365K [0x00000000b0000000, 0x00000000b1500000, 0x00000000c0000000)
  object space 21504K, 94% used [0x00000000b0000000,0x00000000b13e3660,0x00000000b1500000)
}
Event: 9.266 GC heap before
{Heap before GC invocations=7 (full 0):
 PSYoungGen      total 69120K, used 67152K [0x00000000eaa80000, 0x00000000ef780000, 0x0000000100000000)
  eden space 60928K, 100% used [0x00000000eaa80000,0x00000000ee600000,0x00000000ee600000)
  from space 8192K, 75% used [0x00000000eee80000,0x00000000ef494140,0x00000000ef680000)
  to   space 8704K, 0% used [0x00000000ee600000,0x00000000ee600000,0x00000000eee80000)
 ParOldGen       total 39936K, used 8305K [0x00000000c0000000, 0x00000000c2700000, 0x00000000eaa80000)
  object space 39936K, 20% used [0x00000000c0000000,0x00000000c081c4a8,0x00000000c2700000)
 PSPermGen       total 25088K, used 24678K [0x00000000b0000000, 0x00000000b1880000, 0x00000000c0000000)
  object space 25088K, 98% used [0x00000000b0000000,0x00000000b1819ba0,0x00000000b1880000)
Event: 9.297 GC heap after
Heap after GC invocations=7 (full 0):
 PSYoungGen      total 69632K, used 8688K [0x00000000eaa80000, 0x00000000f3780000, 0x0000000100000000)
  eden space 60928K, 0% used [0x00000000eaa80000,0x00000000eaa80000,0x00000000ee600000)
  from space 8704K, 99% used [0x00000000ee600000,0x00000000eee7c1b0,0x00000000eee80000)
  to   space 11264K, 0% used [0x00000000f2c80000,0x00000000f2c80000,0x00000000f3780000)
 ParOldGen       total 39936K, used 10002K [0x00000000c0000000, 0x00000000c2700000, 0x00000000eaa80000)
  object space 39936K, 25% used [0x00000000c0000000,0x00000000c09c4a28,0x00000000c2700000)
 PSPermGen       total 25088K, used 24678K [0x00000000b0000000, 0x00000000b1880000, 0x00000000c0000000)
  object space 25088K, 98% used [0x00000000b0000000,0x00000000b1819ba0,0x00000000b1880000)
}
Event: 13.936 GC heap before
{Heap before GC invocations=8 (full 0):
 PSYoungGen      total 69632K, used 69616K [0x00000000eaa80000, 0x00000000f3780000, 0x0000000100000000)
  eden space 60928K, 100% used [0x00000000eaa80000,0x00000000ee600000,0x00000000ee600000)
  from space 8704K, 99% used [0x00000000ee600000,0x00000000eee7c1b0,0x00000000eee80000)
  to   space 11264K, 0% used [0x00000000f2c80000,0x00000000f2c80000,0x00000000f3780000)
 ParOldGen       total 39936K, used 10002K [0x00000000c0000000, 0x00000000c2700000, 0x00000000eaa80000)
  object space 39936K, 25% used [0x00000000c0000000,0x00000000c09c4a28,0x00000000c2700000)
 PSPermGen       total 27136K, used 26972K [0x00000000b0000000, 0x00000000b1a80000, 0x00000000c0000000)
  object space 27136K, 99% used [0x00000000b0000000,0x00000000b1a57198,0x00000000b1a80000)
Event: 13.993 GC heap after
Heap after GC invocations=8 (full 0):
 PSYoungGen      total 133120K, used 7823K [0x00000000eaa80000, 0x00000000f3780000, 0x0000000100000000)
  eden space 121856K, 0% used [0x00000000eaa80000,0x00000000eaa80000,0x00000000f2180000)
  from space 11264K, 69% used [0x00000000f2c80000,0x00000000f3423fb8,0x00000000f3780000)
  to   space 11264K, 0% used [0x00000000f2180000,0x00000000f2180000,0x00000000f2c80000)
 ParOldGen       total 39936K, used 10890K [0x00000000c0000000, 0x00000000c2700000, 0x00000000eaa80000)
  object space 39936K, 27% used [0x00000000c0000000,0x00000000c0aa2ac8,0x00000000c2700000)
 PSPermGen       total 27136K, used 26972K [0x00000000b0000000, 0x00000000b1a80000, 0x00000000c0000000)
  object space 27136K, 99% used [0x00000000b0000000,0x00000000b1a57198,0x00000000b1a80000)
}
Event: 19.354 GC heap before
{Heap before GC invocations=9 (full 0):
 PSYoungGen      total 133120K, used 129679K [0x00000000eaa80000, 0x00000000f3780000, 0x0000000100000000)
  eden space 121856K, 100% used [0x00000000eaa80000,0x00000000f2180000,0x00000000f2180000)
  from space 11264K, 69% used [0x00000000f2c80000,0x00000000f3423fb8,0x00000000f3780000)
  to   space 11264K, 0% used [0x00000000f2180000,0x00000000f2180000,0x00000000f2c80000)
 ParOldGen       total 39936K, used 10890K [0x00000000c0000000, 0x00000000c2700000, 0x00000000eaa80000)
  object space 39936K, 27% used [0x00000000c0000000,0x00000000c0aa2ac8,0x00000000c2700000)
 PSPermGen       total 34304K, used 33970K [0x00000000b0000000, 0x00000000b2180000, 0x00000000c0000000)
  object space 34304K, 99% used [0x00000000b0000000,0x00000000b212c8e8,0x00000000b2180000)
Event: 19.399 GC heap after
Heap after GC invocations=9 (full 0):
 PSYoungGen      total 133120K, used 11244K [0x00000000eaa80000, 0x00000000f8a00000, 0x0000000100000000)
  eden space 121856K, 0% used [0x00000000eaa80000,0x00000000eaa80000,0x00000000f2180000)
  from space 11264K, 99% used [0x00000000f2180000,0x00000000f2c7b208,0x00000000f2c80000)
  to   space 16896K, 0% used [0x00000000f7980000,0x00000000f7980000,0x00000000f8a00000)
 ParOldGen       total 39936K, used 20628K [0x00000000c0000000, 0x00000000c2700000, 0x00000000eaa80000)
  object space 39936K, 51% used [0x00000000c0000000,0x00000000c1425028,0x00000000c2700000)
 PSPermGen       total 34304K, used 33970K [0x00000000b0000000, 0x00000000b2180000, 0x00000000c0000000)
  object space 34304K, 99% used [0x00000000b0000000,0x00000000b212c8e8,0x00000000b2180000)
}
Event: 24.017 GC heap before
{Heap before GC invocations=10 (full 0):
 PSYoungGen      total 133120K, used 133100K [0x00000000eaa80000, 0x00000000f8a00000, 0x0000000100000000)
  eden space 121856K, 100% used [0x00000000eaa80000,0x00000000f2180000,0x00000000f2180000)
  from space 11264K, 99% used [0x00000000f2180000,0x00000000f2c7b208,0x00000000f2c80000)
  to   space 16896K, 0% used [0x00000000f7980000,0x00000000f7980000,0x00000000f8a00000)
 ParOldGen       total 39936K, used 20628K [0x00000000c0000000, 0x00000000c2700000, 0x00000000eaa80000)
  object space 39936K, 51% used [0x00000000c0000000,0x00000000c1425028,0x00000000c2700000)
 PSPermGen       total 37888K, used 37455K [0x00000000b0000000, 0x00000000b2500000, 0x00000000c0000000)
  object space 37888K, 98% used [0x00000000b0000000,0x00000000b2493f08,0x00000000b2500000)
Event: 24.114 GC heap after
Heap after GC invocations=10 (full 0):
 PSYoungGen      total 206336K, used 16892K [0x00000000eaa80000, 0x00000000f9500000, 0x0000000100000000)
  eden space 189440K, 0% used [0x00000000eaa80000,0x00000000eaa80000,0x00000000f6380000)
  from space 16896K, 99% used [0x00000000f7980000,0x00000000f89ff1e8,0x00000000f8a00000)
  to   space 22528K, 0% used [0x00000000f6380000,0x00000000f6380000,0x00000000f7980000)
 ParOldGen       total 39936K, used 27804K [0x00000000c0000000, 0x00000000c2700000, 0x00000000eaa80000)
  object space 39936K, 69% used [0x00000000c0000000,0x00000000c1b27000,0x00000000c2700000)
 PSPermGen       total 37888K, used 37455K [0x00000000b0000000, 0x00000000b2500000, 0x00000000c0000000)
  object space 37888K, 98% used [0x00000000b0000000,0x00000000b2493f08,0x00000000b2500000)
}
Event: 36.066 GC heap before
{Heap before GC invocations=11 (full 0):
 PSYoungGen      total 206336K, used 206332K [0x00000000eaa80000, 0x00000000f9500000, 0x0000000100000000)
  eden space 189440K, 100% used [0x00000000eaa80000,0x00000000f6380000,0x00000000f6380000)
  from space 16896K, 99% used [0x00000000f7980000,0x00000000f89ff1e8,0x00000000f8a00000)
  to   space 22528K, 0% used [0x00000000f6380000,0x00000000f6380000,0x00000000f7980000)
 ParOldGen       total 39936K, used 27804K [0x00000000c0000000, 0x00000000c2700000, 0x00000000eaa80000)
  object space 39936K, 69% used [0x00000000c0000000,0x00000000c1b27000,0x00000000c2700000)
 PSPermGen       total 43520K, used 43178K [0x00000000b0000000, 0x00000000b2a80000, 0x00000000c0000000)
  object space 43520K, 99% used [0x00000000b0000000,0x00000000b2a2a988,0x00000000b2a80000)

