# JRE version: OpenJDK Runtime Environment (7.0_91-b02) (build 1.7.0_91-b02)
# Java VM: OpenJDK 64-Bit Server VM (24.91-b01 mixed mode linux-amd64 compressed oops)
Heap
 PSYoungGen      total 130048K, used 0K [0x00000000eaa80000, 0x00000000fb600000, 0x0000000100000000)
  eden space 62464K, 0% used [0x00000000eaa80000,0x00000000eaa80000,0x00000000ee780000)
  from space 67584K, 0% used [0x00000000f3f00000,0x00000000f3f00000,0x00000000f8100000)
  to   space 89600K, 0% used [0x00000000ee780000,0x00000000ee780000,0x00000000f3f00000)
 ParOldGen       total 134144K, used 112085K [0x00000000c0000000, 0x00000000c8300000, 0x00000000eaa80000)
  object space 134144K, 83% used [0x00000000c0000000,0x00000000c6d756b8,0x00000000c8300000)
 PSPermGen       total 21504K, used 6121K [0x00000000b5a00000, 0x00000000b6f00000, 0x00000000c0000000)
  object space 21504K, 28% used [0x00000000b5a00000,0x00000000b5ffa7d8,0x00000000b6f00000)
GC Heap History (10 events):
Event: 11.510 GC heap after
Heap after GC invocations=10 (full 2):
 PSYoungGen      total 93184K, used 15301K [0x00000000eaa80000, 0x00000000f5780000, 0x0000000100000000)
  eden space 60928K, 0% used [0x00000000eaa80000,0x00000000eaa80000,0x00000000ee600000)
  from space 32256K, 47% used [0x00000000f1180000,0x00000000f20716c8,0x00000000f3100000)
  to   space 44544K, 0% used [0x00000000ee600000,0x00000000ee600000,0x00000000f1180000)
 ParOldGen       total 134144K, used 74200K [0x00000000c0000000, 0x00000000c8300000, 0x00000000eaa80000)
  object space 134144K, 55% used [0x00000000c0000000,0x00000000c4876008,0x00000000c8300000)
 PSPermGen       total 21504K, used 6084K [0x00000000b5a00000, 0x00000000b6f00000, 0x00000000c0000000)
  object space 21504K, 28% used [0x00000000b5a00000,0x00000000b5ff1138,0x00000000b6f00000)
}
Event: 13.660 GC heap before
{Heap before GC invocations=11 (full 2):
 PSYoungGen      total 93184K, used 76229K [0x00000000eaa80000, 0x00000000f5780000, 0x0000000100000000)
  eden space 60928K, 100% used [0x00000000eaa80000,0x00000000ee600000,0x00000000ee600000)
  from space 32256K, 47% used [0x00000000f1180000,0x00000000f20716c8,0x00000000f3100000)
  to   space 44544K, 0% used [0x00000000ee600000,0x00000000ee600000,0x00000000f1180000)
 ParOldGen       total 134144K, used 74200K [0x00000000c0000000, 0x00000000c8300000, 0x00000000eaa80000)
  object space 134144K, 55% used [0x00000000c0000000,0x00000000c4876008,0x00000000c8300000)
 PSPermGen       total 21504K, used 6098K [0x00000000b5a00000, 0x00000000b6f00000, 0x00000000c0000000)
  object space 21504K, 28% used [0x00000000b5a00000,0x00000000b5ff4848,0x00000000b6f00000)
Event: 13.912 GC heap after
Heap after GC invocations=11 (full 2):
 PSYoungGen      total 105472K, used 23403K [0x00000000eaa80000, 0x00000000f4a80000, 0x0000000100000000)
  eden space 60928K, 0% used [0x00000000eaa80000,0x00000000eaa80000,0x00000000ee600000)
  from space 44544K, 52% used [0x00000000ee600000,0x00000000efcdacd0,0x00000000f1180000)
  to   space 44032K, 0% used [0x00000000f1f80000,0x00000000f1f80000,0x00000000f4a80000)
 ParOldGen       total 134144K, used 74200K [0x00000000c0000000, 0x00000000c8300000, 0x00000000eaa80000)
  object space 134144K, 55% used [0x00000000c0000000,0x00000000c4876008,0x00000000c8300000)
 PSPermGen       total 21504K, used 6098K [0x00000000b5a00000, 0x00000000b6f00000, 0x00000000c0000000)
  object space 21504K, 28% used [0x00000000b5a00000,0x00000000b5ff4848,0x00000000b6f00000)
}
Event: 16.124 GC heap before
{Heap before GC invocations=12 (full 2):
 PSYoungGen      total 105472K, used 84331K [0x00000000eaa80000, 0x00000000f4a80000, 0x0000000100000000)
  eden space 60928K, 100% used [0x00000000eaa80000,0x00000000ee600000,0x00000000ee600000)
  from space 44544K, 52% used [0x00000000ee600000,0x00000000efcdacd0,0x00000000f1180000)
  to   space 44032K, 0% used [0x00000000f1f80000,0x00000000f1f80000,0x00000000f4a80000)
 ParOldGen       total 134144K, used 74200K [0x00000000c0000000, 0x00000000c8300000, 0x00000000eaa80000)
  object space 134144K, 55% used [0x00000000c0000000,0x00000000c4876008,0x00000000c8300000)
 PSPermGen       total 21504K, used 6108K [0x00000000b5a00000, 0x00000000b6f00000, 0x00000000c0000000)
  object space 21504K, 28% used [0x00000000b5a00000,0x00000000b5ff7318,0x00000000b6f00000)
Event: 16.315 GC heap after
Heap after GC invocations=12 (full 2):
 PSYoungGen      total 113664K, used 41769K [0x00000000eaa80000, 0x00000000f5580000, 0x0000000100000000)
  eden space 69632K, 0% used [0x00000000eaa80000,0x00000000eaa80000,0x00000000eee80000)
  from space 44032K, 94% used [0x00000000f1f80000,0x00000000f484a6c0,0x00000000f4a80000)
  to   space 50176K, 0% used [0x00000000eee80000,0x00000000eee80000,0x00000000f1f80000)
 ParOldGen       total 134144K, used 74200K [0x00000000c0000000, 0x00000000c8300000, 0x00000000eaa80000)
  object space 134144K, 55% used [0x00000000c0000000,0x00000000c4876008,0x00000000c8300000)
 PSPermGen       total 21504K, used 6108K [0x00000000b5a00000, 0x00000000b6f00000, 0x00000000c0000000)
  object space 21504K, 28% used [0x00000000b5a00000,0x00000000b5ff7318,0x00000000b6f00000)
}
Event: 19.788 GC heap before
{Heap before GC invocations=13 (full 2):
 PSYoungGen      total 113664K, used 111401K [0x00000000eaa80000, 0x00000000f5580000, 0x0000000100000000)
  eden space 69632K, 100% used [0x00000000eaa80000,0x00000000eee80000,0x00000000eee80000)
  from space 44032K, 94% used [0x00000000f1f80000,0x00000000f484a6c0,0x00000000f4a80000)
  to   space 50176K, 0% used [0x00000000eee80000,0x00000000eee80000,0x00000000f1f80000)
 ParOldGen       total 134144K, used 74200K [0x00000000c0000000, 0x00000000c8300000, 0x00000000eaa80000)
  object space 134144K, 55% used [0x00000000c0000000,0x00000000c4876008,0x00000000c8300000)
 PSPermGen       total 21504K, used 6122K [0x00000000b5a00000, 0x00000000b6f00000, 0x00000000c0000000)
  object space 21504K, 28% used [0x00000000b5a00000,0x00000000b5ffab78,0x00000000b6f00000)
Event: 20.105 GC heap after
Heap after GC invocations=13 (full 2):
 PSYoungGen      total 119808K, used 50151K [0x00000000eaa80000, 0x00000000f8100000, 0x0000000100000000)
  eden space 69632K, 0% used [0x00000000eaa80000,0x00000000eaa80000,0x00000000eee80000)
  from space 50176K, 99% used [0x00000000eee80000,0x00000000f1f79d08,0x00000000f1f80000)
  to   space 67584K, 0% used [0x00000000f3f00000,0x00000000f3f00000,0x00000000f8100000)
 ParOldGen       total 134144K, used 99594K [0x00000000c0000000, 0x00000000c8300000, 0x00000000eaa80000)
  object space 134144K, 74% used [0x00000000c0000000,0x00000000c6142860,0x00000000c8300000)
 PSPermGen       total 21504K, used 6122K [0x00000000b5a00000, 0x00000000b6f00000, 0x00000000c0000000)
  object space 21504K, 28% used [0x00000000b5a00000,0x00000000b5ffab78,0x00000000b6f00000)
}
Event: 20.162 GC heap before
{Heap before GC invocations=14 (full 2):
 PSYoungGen      total 119808K, used 119783K [0x00000000eaa80000, 0x00000000f8100000, 0x0000000100000000)
  eden space 69632K, 100% used [0x00000000eaa80000,0x00000000eee80000,0x00000000eee80000)
  from space 50176K, 99% used [0x00000000eee80000,0x00000000f1f79d08,0x00000000f1f80000)
  to   space 67584K, 0% used [0x00000000f3f00000,0x00000000f3f00000,0x00000000f8100000)
 ParOldGen       total 134144K, used 99594K [0x00000000c0000000, 0x00000000c8300000, 0x00000000eaa80000)
  object space 134144K, 74% used [0x00000000c0000000,0x00000000c6142860,0x00000000c8300000)
 PSPermGen       total 21504K, used 6122K [0x00000000b5a00000, 0x00000000b6f00000, 0x00000000c0000000)
  object space 21504K, 28% used [0x00000000b5a00000,0x00000000b5ffab78,0x00000000b6f00000)
Event: 20.912 GC heap after
Heap after GC invocations=14 (full 2):
 PSYoungGen      total 130048K, used 67583K [0x00000000eaa80000, 0x00000000fb600000, 0x0000000100000000)
  eden space 62464K, 0% used [0x00000000eaa80000,0x00000000eaa80000,0x00000000ee780000)
  from space 67584K, 99% used [0x00000000f3f00000,0x00000000f80ffd60,0x00000000f8100000)
  to   space 89600K, 0% used [0x00000000ee780000,0x00000000ee780000,0x00000000f3f00000)
 ParOldGen       total 134144K, used 128546K [0x00000000c0000000, 0x00000000c8300000, 0x00000000eaa80000)
  object space 134144K, 95% used [0x00000000c0000000,0x00000000c7d88860,0x00000000c8300000)
 PSPermGen       total 21504K, used 6122K [0x00000000b5a00000, 0x00000000b6f00000, 0x00000000c0000000)
  object space 21504K, 28% used [0x00000000b5a00000,0x00000000b5ffab78,0x00000000b6f00000)
}
Event: 21.447 GC heap before
{Heap before GC invocations=15 (full 3):
 PSYoungGen      total 130048K, used 67583K [0x00000000eaa80000, 0x00000000fb600000, 0x0000000100000000)
  eden space 62464K, 0% used [0x00000000eaa80000,0x00000000eaa80000,0x00000000ee780000)
  from space 67584K, 99% used [0x00000000f3f00000,0x00000000f80ffd60,0x00000000f8100000)
  to   space 89600K, 0% used [0x00000000ee780000,0x00000000ee780000,0x00000000f3f00000)
 ParOldGen       total 134144K, used 128546K [0x00000000c0000000, 0x00000000c8300000, 0x00000000eaa80000)
  object space 134144K, 95% used [0x00000000c0000000,0x00000000c7d88860,0x00000000c8300000)
 PSPermGen       total 21504K, used 6122K [0x00000000b5a00000, 0x00000000b6f00000, 0x00000000c0000000)
  object space 21504K, 28% used [0x00000000b5a00000,0x00000000b5ffab78,0x00000000b6f00000)

