# JRE version: OpenJDK Runtime Environment (7.0_91-b02) (build 1.7.0_91-b02)
# Java VM: OpenJDK 64-Bit Server VM (24.91-b01 mixed mode linux-amd64 compressed oops)
Heap
 PSYoungGen      total 233984K, used 11767K [0x00000000eaa80000, 0x00000000ffe80000, 0x0000000100000000)
  eden space 126976K, 0% used [0x00000000eaa80000,0x00000000eaa80000,0x00000000f2680000)
  from space 107008K, 10% used [0x00000000f2680000,0x00000000f31fddc0,0x00000000f8f00000)
  to   space 105984K, 0% used [0x00000000f9700000,0x00000000f9700000,0x00000000ffe80000)
 ParOldGen       total 162304K, used 162191K [0x00000000c0000000, 0x00000000c9e80000, 0x00000000eaa80000)
  object space 162304K, 99% used [0x00000000c0000000,0x00000000c9e63cf8,0x00000000c9e80000)
 PSPermGen       total 21504K, used 6178K [0x00000000b5a00000, 0x00000000b6f00000, 0x00000000c0000000)
  object space 21504K, 28% used [0x00000000b5a00000,0x00000000b60089a8,0x00000000b6f00000)
GC Heap History (10 events):
Event: 28.596 GC heap after
Heap after GC invocations=18 (full 3):
 PSYoungGen      total 178688K, used 93174K [0x00000000eaa80000, 0x00000000fee00000, 0x0000000100000000)
  eden space 85504K, 0% used [0x00000000eaa80000,0x00000000eaa80000,0x00000000efe00000)
  from space 93184K, 99% used [0x00000000efe00000,0x00000000f58fdba8,0x00000000f5900000)
  to   space 109568K, 0% used [0x00000000f8300000,0x00000000f8300000,0x00000000fee00000)
 ParOldGen       total 162304K, used 75407K [0x00000000c0000000, 0x00000000c9e80000, 0x00000000eaa80000)
  object space 162304K, 46% used [0x00000000c0000000,0x00000000c49a3e50,0x00000000c9e80000)
 PSPermGen       total 21504K, used 6122K [0x00000000b5a00000, 0x00000000b6f00000, 0x00000000c0000000)
  object space 21504K, 28% used [0x00000000b5a00000,0x00000000b5ffa9c8,0x00000000b6f00000)
}
Event: 29.094 GC heap before
{Heap before GC invocations=19 (full 3):
 PSYoungGen      total 178688K, used 178678K [0x00000000eaa80000, 0x00000000fee00000, 0x0000000100000000)
  eden space 85504K, 100% used [0x00000000eaa80000,0x00000000efe00000,0x00000000efe00000)
  from space 93184K, 99% used [0x00000000efe00000,0x00000000f58fdba8,0x00000000f5900000)
  to   space 109568K, 0% used [0x00000000f8300000,0x00000000f8300000,0x00000000fee00000)
 ParOldGen       total 162304K, used 75407K [0x00000000c0000000, 0x00000000c9e80000, 0x00000000eaa80000)
  object space 162304K, 46% used [0x00000000c0000000,0x00000000c49a3e50,0x00000000c9e80000)
 PSPermGen       total 21504K, used 6122K [0x00000000b5a00000, 0x00000000b6f00000, 0x00000000c0000000)
  object space 21504K, 28% used [0x00000000b5a00000,0x00000000b5ffa9c8,0x00000000b6f00000)
Event: 29.421 GC heap after
Heap after GC invocations=19 (full 3):
 PSYoungGen      total 218624K, used 66331K [0x00000000eaa80000, 0x00000000ff700000, 0x0000000100000000)
  eden space 109056K, 0% used [0x00000000eaa80000,0x00000000eaa80000,0x00000000f1500000)
  from space 109568K, 60% used [0x00000000f8300000,0x00000000fc3c6ea0,0x00000000fee00000)
  to   space 112640K, 0% used [0x00000000f1500000,0x00000000f1500000,0x00000000f8300000)
 ParOldGen       total 162304K, used 75407K [0x00000000c0000000, 0x00000000c9e80000, 0x00000000eaa80000)
  object space 162304K, 46% used [0x00000000c0000000,0x00000000c49a3e50,0x00000000c9e80000)
 PSPermGen       total 21504K, used 6122K [0x00000000b5a00000, 0x00000000b6f00000, 0x00000000c0000000)
  object space 21504K, 28% used [0x00000000b5a00000,0x00000000b5ffa9c8,0x00000000b6f00000)
}
Event: 30.880 GC heap before
{Heap before GC invocations=20 (full 3):
 PSYoungGen      total 218624K, used 175387K [0x00000000eaa80000, 0x00000000ff700000, 0x0000000100000000)
  eden space 109056K, 100% used [0x00000000eaa80000,0x00000000f1500000,0x00000000f1500000)
  from space 109568K, 60% used [0x00000000f8300000,0x00000000fc3c6ea0,0x00000000fee00000)
  to   space 112640K, 0% used [0x00000000f1500000,0x00000000f1500000,0x00000000f8300000)
 ParOldGen       total 162304K, used 75407K [0x00000000c0000000, 0x00000000c9e80000, 0x00000000eaa80000)
  object space 162304K, 46% used [0x00000000c0000000,0x00000000c49a3e50,0x00000000c9e80000)
 PSPermGen       total 21504K, used 6157K [0x00000000b5a00000, 0x00000000b6f00000, 0x00000000c0000000)
  object space 21504K, 28% used [0x00000000b5a00000,0x00000000b60035e0,0x00000000b6f00000)
Event: 31.186 GC heap after
Heap after GC invocations=20 (full 3):
 PSYoungGen      total 221696K, used 36661K [0x00000000eaa80000, 0x00000000ff700000, 0x0000000100000000)
  eden space 109056K, 0% used [0x00000000eaa80000,0x00000000eaa80000,0x00000000f1500000)
  from space 112640K, 32% used [0x00000000f1500000,0x00000000f38cd6d8,0x00000000f8300000)
  to   space 106496K, 0% used [0x00000000f8f00000,0x00000000f8f00000,0x00000000ff700000)
 ParOldGen       total 162304K, used 92459K [0x00000000c0000000, 0x00000000c9e80000, 0x00000000eaa80000)
  object space 162304K, 56% used [0x00000000c0000000,0x00000000c5a4acd8,0x00000000c9e80000)
 PSPermGen       total 21504K, used 6157K [0x00000000b5a00000, 0x00000000b6f00000, 0x00000000c0000000)
  object space 21504K, 28% used [0x00000000b5a00000,0x00000000b60035e0,0x00000000b6f00000)
}
Event: 32.609 GC heap before
{Heap before GC invocations=21 (full 3):
 PSYoungGen      total 221696K, used 145717K [0x00000000eaa80000, 0x00000000ff700000, 0x0000000100000000)
  eden space 109056K, 100% used [0x00000000eaa80000,0x00000000f1500000,0x00000000f1500000)
  from space 112640K, 32% used [0x00000000f1500000,0x00000000f38cd6d8,0x00000000f8300000)
  to   space 106496K, 0% used [0x00000000f8f00000,0x00000000f8f00000,0x00000000ff700000)
 ParOldGen       total 162304K, used 92459K [0x00000000c0000000, 0x00000000c9e80000, 0x00000000eaa80000)
  object space 162304K, 56% used [0x00000000c0000000,0x00000000c5a4acd8,0x00000000c9e80000)
 PSPermGen       total 21504K, used 6175K [0x00000000b5a00000, 0x00000000b6f00000, 0x00000000c0000000)
  object space 21504K, 28% used [0x00000000b5a00000,0x00000000b6007e80,0x00000000b6f00000)
Event: 32.861 GC heap after
Heap after GC invocations=21 (full 3):
 PSYoungGen      total 233472K, used 61548K [0x00000000eaa80000, 0x00000000ffb00000, 0x0000000100000000)
  eden space 126976K, 0% used [0x00000000eaa80000,0x00000000eaa80000,0x00000000f2680000)
  from space 106496K, 57% used [0x00000000f8f00000,0x00000000fcb1b008,0x00000000ff700000)
  to   space 107008K, 0% used [0x00000000f2680000,0x00000000f2680000,0x00000000f8f00000)
 ParOldGen       total 162304K, used 99603K [0x00000000c0000000, 0x00000000c9e80000, 0x00000000eaa80000)
  object space 162304K, 61% used [0x00000000c0000000,0x00000000c6144cc0,0x00000000c9e80000)
 PSPermGen       total 21504K, used 6175K [0x00000000b5a00000, 0x00000000b6f00000, 0x00000000c0000000)
  object space 21504K, 28% used [0x00000000b5a00000,0x00000000b6007e80,0x00000000b6f00000)
}
Event: 33.289 GC heap before
{Heap before GC invocations=22 (full 3):
 PSYoungGen      total 233472K, used 188524K [0x00000000eaa80000, 0x00000000ffb00000, 0x0000000100000000)
  eden space 126976K, 100% used [0x00000000eaa80000,0x00000000f2680000,0x00000000f2680000)
  from space 106496K, 57% used [0x00000000f8f00000,0x00000000fcb1b008,0x00000000ff700000)
  to   space 107008K, 0% used [0x00000000f2680000,0x00000000f2680000,0x00000000f8f00000)
 ParOldGen       total 162304K, used 99603K [0x00000000c0000000, 0x00000000c9e80000, 0x00000000eaa80000)
  object space 162304K, 61% used [0x00000000c0000000,0x00000000c6144cc0,0x00000000c9e80000)
 PSPermGen       total 21504K, used 6178K [0x00000000b5a00000, 0x00000000b6f00000, 0x00000000c0000000)
  object space 21504K, 28% used [0x00000000b5a00000,0x00000000b6008be8,0x00000000b6f00000)
Event: 33.715 GC heap after
Heap after GC invocations=22 (full 3):
 PSYoungGen      total 233984K, used 58417K [0x00000000eaa80000, 0x00000000ffe80000, 0x0000000100000000)
  eden space 126976K, 0% used [0x00000000eaa80000,0x00000000eaa80000,0x00000000f2680000)
  from space 107008K, 54% used [0x00000000f2680000,0x00000000f5f8c4a0,0x00000000f8f00000)
  to   space 105984K, 0% used [0x00000000f9700000,0x00000000f9700000,0x00000000ffe80000)
 ParOldGen       total 162304K, used 158980K [0x00000000c0000000, 0x00000000c9e80000, 0x00000000eaa80000)
  object space 162304K, 97% used [0x00000000c0000000,0x00000000c9b411f0,0x00000000c9e80000)
 PSPermGen       total 21504K, used 6178K [0x00000000b5a00000, 0x00000000b6f00000, 0x00000000c0000000)
  object space 21504K, 28% used [0x00000000b5a00000,0x00000000b6008be8,0x00000000b6f00000)
}
Event: 33.943 GC heap before
{Heap before GC invocations=23 (full 4):
 PSYoungGen      total 233984K, used 58417K [0x00000000eaa80000, 0x00000000ffe80000, 0x0000000100000000)
  eden space 126976K, 0% used [0x00000000eaa80000,0x00000000eaa80000,0x00000000f2680000)
  from space 107008K, 54% used [0x00000000f2680000,0x00000000f5f8c4a0,0x00000000f8f00000)
  to   space 105984K, 0% used [0x00000000f9700000,0x00000000f9700000,0x00000000ffe80000)
 ParOldGen       total 162304K, used 158980K [0x00000000c0000000, 0x00000000c9e80000, 0x00000000eaa80000)
  object space 162304K, 97% used [0x00000000c0000000,0x00000000c9b411f0,0x00000000c9e80000)
 PSPermGen       total 21504K, used 6178K [0x00000000b5a00000, 0x00000000b6f00000, 0x00000000c0000000)
  object space 21504K, 28% used [0x00000000b5a00000,0x00000000b6008be8,0x00000000b6f00000)

