# JRE version: OpenJDK Runtime Environment (7.0_91-b02) (build 1.7.0_91-b02)
# Java VM: OpenJDK 64-Bit Server VM (24.91-b01 mixed mode linux-amd64 compressed oops)
Heap
 PSYoungGen      total 206336K, used 9502K [0x00000000eaa80000, 0x00000000f8780000, 0x0000000100000000)
  eden space 189952K, 0% used [0x00000000eaa80000,0x00000000eaa80000,0x00000000f6400000)
  from space 16384K, 57% used [0x00000000f6400000,0x00000000f6d478b0,0x00000000f7400000)
  to   space 12800K, 0% used [0x00000000f7400000,0x00000000f7400000,0x00000000f8080000)
 ParOldGen       total 40448K, used 40045K [0x00000000c0000000, 0x00000000c2780000, 0x00000000eaa80000)
  object space 40448K, 99% used [0x00000000c0000000,0x00000000c271b5b8,0x00000000c2780000)
 PSPermGen       total 21504K, used 5494K [0x00000000b5a00000, 0x00000000b6f00000, 0x00000000c0000000)
  object space 21504K, 25% used [0x00000000b5a00000,0x00000000b5f5d9f8,0x00000000b6f00000)
GC Heap History (10 events):
Event: 3.850 GC heap after
Heap after GC invocations=6 (full 0):
 PSYoungGen      total 68608K, used 7771K [0x00000000eaa80000, 0x00000000ef880000, 0x0000000100000000)
  eden space 60416K, 0% used [0x00000000eaa80000,0x00000000eaa80000,0x00000000ee580000)
  from space 8192K, 94% used [0x00000000eee80000,0x00000000ef616d88,0x00000000ef680000)
  to   space 9216K, 0% used [0x00000000ee580000,0x00000000ee580000,0x00000000eee80000)
 ParOldGen       total 39936K, used 16006K [0x00000000c0000000, 0x00000000c2700000, 0x00000000eaa80000)
  object space 39936K, 40% used [0x00000000c0000000,0x00000000c0fa1aa8,0x00000000c2700000)
 PSPermGen       total 21504K, used 5374K [0x00000000b5a00000, 0x00000000b6f00000, 0x00000000c0000000)
  object space 21504K, 24% used [0x00000000b5a00000,0x00000000b5f3fb30,0x00000000b6f00000)
}
Event: 4.411 GC heap before
{Heap before GC invocations=7 (full 0):
 PSYoungGen      total 68608K, used 68187K [0x00000000eaa80000, 0x00000000ef880000, 0x0000000100000000)
  eden space 60416K, 100% used [0x00000000eaa80000,0x00000000ee580000,0x00000000ee580000)
  from space 8192K, 94% used [0x00000000eee80000,0x00000000ef616d88,0x00000000ef680000)
  to   space 9216K, 0% used [0x00000000ee580000,0x00000000ee580000,0x00000000eee80000)
 ParOldGen       total 39936K, used 16006K [0x00000000c0000000, 0x00000000c2700000, 0x00000000eaa80000)
  object space 39936K, 40% used [0x00000000c0000000,0x00000000c0fa1aa8,0x00000000c2700000)
 PSPermGen       total 21504K, used 5473K [0x00000000b5a00000, 0x00000000b6f00000, 0x00000000c0000000)
  object space 21504K, 25% used [0x00000000b5a00000,0x00000000b5f58468,0x00000000b6f00000)
Event: 4.433 GC heap after
Heap after GC invocations=7 (full 0):
 PSYoungGen      total 69632K, used 6554K [0x00000000eaa80000, 0x00000000f3280000, 0x0000000100000000)
  eden space 60416K, 0% used [0x00000000eaa80000,0x00000000eaa80000,0x00000000ee580000)
  from space 9216K, 71% used [0x00000000ee580000,0x00000000eebe6ac0,0x00000000eee80000)
  to   space 9216K, 0% used [0x00000000f2980000,0x00000000f2980000,0x00000000f3280000)
 ParOldGen       total 39936K, used 16869K [0x00000000c0000000, 0x00000000c2700000, 0x00000000eaa80000)
  object space 39936K, 42% used [0x00000000c0000000,0x00000000c1079718,0x00000000c2700000)
 PSPermGen       total 21504K, used 5473K [0x00000000b5a00000, 0x00000000b6f00000, 0x00000000c0000000)
  object space 21504K, 25% used [0x00000000b5a00000,0x00000000b5f58468,0x00000000b6f00000)
}
Event: 4.853 GC heap before
{Heap before GC invocations=8 (full 0):
 PSYoungGen      total 69632K, used 66970K [0x00000000eaa80000, 0x00000000f3280000, 0x0000000100000000)
  eden space 60416K, 100% used [0x00000000eaa80000,0x00000000ee580000,0x00000000ee580000)
  from space 9216K, 71% used [0x00000000ee580000,0x00000000eebe6ac0,0x00000000eee80000)
  to   space 9216K, 0% used [0x00000000f2980000,0x00000000f2980000,0x00000000f3280000)
 ParOldGen       total 39936K, used 16869K [0x00000000c0000000, 0x00000000c2700000, 0x00000000eaa80000)
  object space 39936K, 42% used [0x00000000c0000000,0x00000000c1079718,0x00000000c2700000)
 PSPermGen       total 21504K, used 5478K [0x00000000b5a00000, 0x00000000b6f00000, 0x00000000c0000000)
  object space 21504K, 25% used [0x00000000b5a00000,0x00000000b5f599f8,0x00000000b6f00000)
Event: 4.861 GC heap after
Heap after GC invocations=8 (full 0):
 PSYoungGen      total 130048K, used 3833K [0x00000000eaa80000, 0x00000000f3280000, 0x0000000100000000)
  eden space 120832K, 0% used [0x00000000eaa80000,0x00000000eaa80000,0x00000000f2080000)
  from space 9216K, 41% used [0x00000000f2980000,0x00000000f2d3e468,0x00000000f3280000)
  to   space 9216K, 0% used [0x00000000f2080000,0x00000000f2080000,0x00000000f2980000)
 ParOldGen       total 39936K, used 18519K [0x00000000c0000000, 0x00000000c2700000, 0x00000000eaa80000)
  object space 39936K, 46% used [0x00000000c0000000,0x00000000c1215d98,0x00000000c2700000)
 PSPermGen       total 21504K, used 5478K [0x00000000b5a00000, 0x00000000b6f00000, 0x00000000c0000000)
  object space 21504K, 25% used [0x00000000b5a00000,0x00000000b5f599f8,0x00000000b6f00000)
}
Event: 5.251 GC heap before
{Heap before GC invocations=9 (full 0):
 PSYoungGen      total 130048K, used 124665K [0x00000000eaa80000, 0x00000000f3280000, 0x0000000100000000)
  eden space 120832K, 100% used [0x00000000eaa80000,0x00000000f2080000,0x00000000f2080000)
  from space 9216K, 41% used [0x00000000f2980000,0x00000000f2d3e468,0x00000000f3280000)
  to   space 9216K, 0% used [0x00000000f2080000,0x00000000f2080000,0x00000000f2980000)
 ParOldGen       total 39936K, used 18519K [0x00000000c0000000, 0x00000000c2700000, 0x00000000eaa80000)
  object space 39936K, 46% used [0x00000000c0000000,0x00000000c1215d98,0x00000000c2700000)
 PSPermGen       total 21504K, used 5487K [0x00000000b5a00000, 0x00000000b6f00000, 0x00000000c0000000)
  object space 21504K, 25% used [0x00000000b5a00000,0x00000000b5f5bc78,0x00000000b6f00000)
Event: 5.282 GC heap after
Heap after GC invocations=9 (full 0):
 PSYoungGen      total 130048K, used 9194K [0x00000000eaa80000, 0x00000000f8080000, 0x0000000100000000)
  eden space 120832K, 0% used [0x00000000eaa80000,0x00000000eaa80000,0x00000000f2080000)
  from space 9216K, 99% used [0x00000000f2080000,0x00000000f297a800,0x00000000f2980000)
  to   space 12800K, 0% used [0x00000000f7400000,0x00000000f7400000,0x00000000f8080000)
 ParOldGen       total 39936K, used 24723K [0x00000000c0000000, 0x00000000c2700000, 0x00000000eaa80000)
  object space 39936K, 61% used [0x00000000c0000000,0x00000000c1824da8,0x00000000c2700000)
 PSPermGen       total 21504K, used 5487K [0x00000000b5a00000, 0x00000000b6f00000, 0x00000000c0000000)
  object space 21504K, 25% used [0x00000000b5a00000,0x00000000b5f5bc78,0x00000000b6f00000)
}
Event: 5.559 GC heap before
{Heap before GC invocations=10 (full 0):
 PSYoungGen      total 130048K, used 130026K [0x00000000eaa80000, 0x00000000f8080000, 0x0000000100000000)
  eden space 120832K, 100% used [0x00000000eaa80000,0x00000000f2080000,0x00000000f2080000)
  from space 9216K, 99% used [0x00000000f2080000,0x00000000f297a800,0x00000000f2980000)
  to   space 12800K, 0% used [0x00000000f7400000,0x00000000f7400000,0x00000000f8080000)
 ParOldGen       total 39936K, used 24723K [0x00000000c0000000, 0x00000000c2700000, 0x00000000eaa80000)
  object space 39936K, 61% used [0x00000000c0000000,0x00000000c1824da8,0x00000000c2700000)
 PSPermGen       total 21504K, used 5488K [0x00000000b5a00000, 0x00000000b6f00000, 0x00000000c0000000)
  object space 21504K, 25% used [0x00000000b5a00000,0x00000000b5f5c1b8,0x00000000b6f00000)
Event: 5.598 GC heap after
Heap after GC invocations=10 (full 0):
 PSYoungGen      total 202752K, used 12784K [0x00000000eaa80000, 0x00000000f8780000, 0x0000000100000000)
  eden space 189952K, 0% used [0x00000000eaa80000,0x00000000eaa80000,0x00000000f6400000)
  from space 12800K, 99% used [0x00000000f7400000,0x00000000f807c1f0,0x00000000f8080000)
  to   space 16384K, 0% used [0x00000000f6400000,0x00000000f6400000,0x00000000f7400000)
 ParOldGen       total 39936K, used 30328K [0x00000000c0000000, 0x00000000c2700000, 0x00000000eaa80000)
  object space 39936K, 75% used [0x00000000c0000000,0x00000000c1d9e270,0x00000000c2700000)
 PSPermGen       total 21504K, used 5488K [0x00000000b5a00000, 0x00000000b6f00000, 0x00000000c0000000)
  object space 21504K, 25% used [0x00000000b5a00000,0x00000000b5f5c1b8,0x00000000b6f00000)
}
Event: 6.174 GC heap before
{Heap before GC invocations=11 (full 0):
 PSYoungGen      total 202752K, used 202736K [0x00000000eaa80000, 0x00000000f8780000, 0x0000000100000000)
  eden space 189952K, 100% used [0x00000000eaa80000,0x00000000f6400000,0x00000000f6400000)
  from space 12800K, 99% used [0x00000000f7400000,0x00000000f807c1f0,0x00000000f8080000)
  to   space 16384K, 0% used [0x00000000f6400000,0x00000000f6400000,0x00000000f7400000)
 ParOldGen       total 39936K, used 30328K [0x00000000c0000000, 0x00000000c2700000, 0x00000000eaa80000)
  object space 39936K, 75% used [0x00000000c0000000,0x00000000c1d9e270,0x00000000c2700000)
 PSPermGen       total 21504K, used 5494K [0x00000000b5a00000, 0x00000000b6f00000, 0x00000000c0000000)
  object space 21504K, 25% used [0x00000000b5a00000,0x00000000b5f5d9f8,0x00000000b6f00000)

