# JRE version: OpenJDK Runtime Environment (7.0_91-b02) (build 1.7.0_91-b02)
# Java VM: OpenJDK 64-Bit Server VM (24.91-b01 mixed mode linux-amd64 compressed oops)
Heap
 PSYoungGen      total 85504K, used 15885K [0x00000000eaa80000, 0x00000000f4f80000, 0x0000000100000000)
  eden space 59392K, 0% used [0x00000000eaa80000,0x00000000eaa80000,0x00000000ee480000)
  from space 26112K, 60% used [0x00000000f0f00000,0x00000000f1e83620,0x00000000f2880000)
  to   space 43520K, 0% used [0x00000000ee480000,0x00000000ee480000,0x00000000f0f00000)
 ParOldGen       total 71168K, used 70911K [0x00000000c0000000, 0x00000000c4580000, 0x00000000eaa80000)
  object space 71168K, 99% used [0x00000000c0000000,0x00000000c453fe48,0x00000000c4580000)
 PSPermGen       total 21504K, used 6094K [0x00000000b5a00000, 0x00000000b6f00000, 0x00000000c0000000)
  object space 21504K, 28% used [0x00000000b5a00000,0x00000000b5ff3ae0,0x00000000b6f00000)
GC Heap History (10 events):
Event: 14.504 GC heap after
Heap after GC invocations=5 (full 0):
 PSYoungGen      total 33280K, used 2528K [0x00000000eaa80000, 0x00000000efd80000, 0x0000000100000000)
  eden space 30720K, 0% used [0x00000000eaa80000,0x00000000eaa80000,0x00000000ec880000)
  from space 2560K, 98% used [0x00000000ec880000,0x00000000ecaf8048,0x00000000ecb00000)
  to   space 11776K, 0% used [0x00000000ef200000,0x00000000ef200000,0x00000000efd80000)
 ParOldGen       total 39936K, used 20290K [0x00000000c0000000, 0x00000000c2700000, 0x00000000eaa80000)
  object space 39936K, 50% used [0x00000000c0000000,0x00000000c13d0888,0x00000000c2700000)
 PSPermGen       total 21504K, used 6069K [0x00000000b5a00000, 0x00000000b6f00000, 0x00000000c0000000)
  object space 21504K, 28% used [0x00000000b5a00000,0x00000000b5fed560,0x00000000b6f00000)
}
Event: 18.127 GC heap before
{Heap before GC invocations=6 (full 0):
 PSYoungGen      total 33280K, used 33248K [0x00000000eaa80000, 0x00000000efd80000, 0x0000000100000000)
  eden space 30720K, 100% used [0x00000000eaa80000,0x00000000ec880000,0x00000000ec880000)
  from space 2560K, 98% used [0x00000000ec880000,0x00000000ecaf8048,0x00000000ecb00000)
  to   space 11776K, 0% used [0x00000000ef200000,0x00000000ef200000,0x00000000efd80000)
 ParOldGen       total 39936K, used 20290K [0x00000000c0000000, 0x00000000c2700000, 0x00000000eaa80000)
  object space 39936K, 50% used [0x00000000c0000000,0x00000000c13d0888,0x00000000c2700000)
 PSPermGen       total 21504K, used 6088K [0x00000000b5a00000, 0x00000000b6f00000, 0x00000000c0000000)
  object space 21504K, 28% used [0x00000000b5a00000,0x00000000b5ff2120,0x00000000b6f00000)
Event: 18.294 GC heap after
Heap after GC invocations=6 (full 0):
 PSYoungGen      total 64512K, used 11760K [0x00000000eaa80000, 0x00000000f0e80000, 0x0000000100000000)
  eden space 52736K, 0% used [0x00000000eaa80000,0x00000000eaa80000,0x00000000ede00000)
  from space 11776K, 99% used [0x00000000ef200000,0x00000000efd7c210,0x00000000efd80000)
  to   space 20480K, 0% used [0x00000000ede00000,0x00000000ede00000,0x00000000ef200000)
 ParOldGen       total 39936K, used 32504K [0x00000000c0000000, 0x00000000c2700000, 0x00000000eaa80000)
  object space 39936K, 81% used [0x00000000c0000000,0x00000000c1fbe3f0,0x00000000c2700000)
 PSPermGen       total 21504K, used 6088K [0x00000000b5a00000, 0x00000000b6f00000, 0x00000000c0000000)
  object space 21504K, 28% used [0x00000000b5a00000,0x00000000b5ff2120,0x00000000b6f00000)
}
Event: 18.321 GC heap before
{Heap before GC invocations=7 (full 1):
 PSYoungGen      total 64512K, used 11760K [0x00000000eaa80000, 0x00000000f0e80000, 0x0000000100000000)
  eden space 52736K, 0% used [0x00000000eaa80000,0x00000000eaa80000,0x00000000ede00000)
  from space 11776K, 99% used [0x00000000ef200000,0x00000000efd7c210,0x00000000efd80000)
  to   space 20480K, 0% used [0x00000000ede00000,0x00000000ede00000,0x00000000ef200000)
 ParOldGen       total 39936K, used 32504K [0x00000000c0000000, 0x00000000c2700000, 0x00000000eaa80000)
  object space 39936K, 81% used [0x00000000c0000000,0x00000000c1fbe3f0,0x00000000c2700000)
 PSPermGen       total 21504K, used 6088K [0x00000000b5a00000, 0x00000000b6f00000, 0x00000000c0000000)
  object space 21504K, 28% used [0x00000000b5a00000,0x00000000b5ff2120,0x00000000b6f00000)
Event: 19.311 GC heap after
Heap after GC invocations=7 (full 1):
 PSYoungGen      total 64512K, used 0K [0x00000000eaa80000, 0x00000000f0e80000, 0x0000000100000000)
  eden space 52736K, 0% used [0x00000000eaa80000,0x00000000eaa80000,0x00000000ede00000)
  from space 11776K, 0% used [0x00000000ef200000,0x00000000ef200000,0x00000000efd80000)
  to   space 20480K, 0% used [0x00000000ede00000,0x00000000ede00000,0x00000000ef200000)
 ParOldGen       total 71168K, used 33669K [0x00000000c0000000, 0x00000000c4580000, 0x00000000eaa80000)
  object space 71168K, 47% used [0x00000000c0000000,0x00000000c20e14b0,0x00000000c4580000)
 PSPermGen       total 21504K, used 6086K [0x00000000b5a00000, 0x00000000b6f00000, 0x00000000c0000000)
  object space 21504K, 28% used [0x00000000b5a00000,0x00000000b5ff1970,0x00000000b6f00000)
}
Event: 19.800 GC heap before
{Heap before GC invocations=8 (full 1):
 PSYoungGen      total 64512K, used 52736K [0x00000000eaa80000, 0x00000000f0e80000, 0x0000000100000000)
  eden space 52736K, 100% used [0x00000000eaa80000,0x00000000ede00000,0x00000000ede00000)
  from space 11776K, 0% used [0x00000000ef200000,0x00000000ef200000,0x00000000efd80000)
  to   space 20480K, 0% used [0x00000000ede00000,0x00000000ede00000,0x00000000ef200000)
 ParOldGen       total 71168K, used 33669K [0x00000000c0000000, 0x00000000c4580000, 0x00000000eaa80000)
  object space 71168K, 47% used [0x00000000c0000000,0x00000000c20e14b0,0x00000000c4580000)
 PSPermGen       total 21504K, used 6086K [0x00000000b5a00000, 0x00000000b6f00000, 0x00000000c0000000)
  object space 21504K, 28% used [0x00000000b5a00000,0x00000000b5ff1970,0x00000000b6f00000)
Event: 19.887 GC heap after
Heap after GC invocations=8 (full 1):
 PSYoungGen      total 73216K, used 20449K [0x00000000eaa80000, 0x00000000f2880000, 0x0000000100000000)
  eden space 52736K, 0% used [0x00000000eaa80000,0x00000000eaa80000,0x00000000ede00000)
  from space 20480K, 99% used [0x00000000ede00000,0x00000000ef1f8408,0x00000000ef200000)
  to   space 26112K, 0% used [0x00000000f0f00000,0x00000000f0f00000,0x00000000f2880000)
 ParOldGen       total 71168K, used 37004K [0x00000000c0000000, 0x00000000c4580000, 0x00000000eaa80000)
  object space 71168K, 51% used [0x00000000c0000000,0x00000000c2423058,0x00000000c4580000)
 PSPermGen       total 21504K, used 6086K [0x00000000b5a00000, 0x00000000b6f00000, 0x00000000c0000000)
  object space 21504K, 28% used [0x00000000b5a00000,0x00000000b5ff1970,0x00000000b6f00000)
}
Event: 20.716 GC heap before
{Heap before GC invocations=9 (full 1):
 PSYoungGen      total 73216K, used 73185K [0x00000000eaa80000, 0x00000000f2880000, 0x0000000100000000)
  eden space 52736K, 100% used [0x00000000eaa80000,0x00000000ede00000,0x00000000ede00000)
  from space 20480K, 99% used [0x00000000ede00000,0x00000000ef1f8408,0x00000000ef200000)
  to   space 26112K, 0% used [0x00000000f0f00000,0x00000000f0f00000,0x00000000f2880000)
 ParOldGen       total 71168K, used 37004K [0x00000000c0000000, 0x00000000c4580000, 0x00000000eaa80000)
  object space 71168K, 51% used [0x00000000c0000000,0x00000000c2423058,0x00000000c4580000)
 PSPermGen       total 21504K, used 6094K [0x00000000b5a00000, 0x00000000b6f00000, 0x00000000c0000000)
  object space 21504K, 28% used [0x00000000b5a00000,0x00000000b5ff3b00,0x00000000b6f00000)
Event: 20.835 GC heap after
Heap after GC invocations=9 (full 1):
 PSYoungGen      total 85504K, used 26109K [0x00000000eaa80000, 0x00000000f4f80000, 0x0000000100000000)
  eden space 59392K, 0% used [0x00000000eaa80000,0x00000000eaa80000,0x00000000ee480000)
  from space 26112K, 99% used [0x00000000f0f00000,0x00000000f287f620,0x00000000f2880000)
  to   space 43520K, 0% used [0x00000000ee480000,0x00000000ee480000,0x00000000f0f00000)
 ParOldGen       total 71168K, used 65548K [0x00000000c0000000, 0x00000000c4580000, 0x00000000eaa80000)
  object space 71168K, 92% used [0x00000000c0000000,0x00000000c4003058,0x00000000c4580000)
 PSPermGen       total 21504K, used 6094K [0x00000000b5a00000, 0x00000000b6f00000, 0x00000000c0000000)
  object space 21504K, 28% used [0x00000000b5a00000,0x00000000b5ff3b00,0x00000000b6f00000)
}
Event: 20.889 GC heap before
{Heap before GC invocations=10 (full 2):
 PSYoungGen      total 85504K, used 26109K [0x00000000eaa80000, 0x00000000f4f80000, 0x0000000100000000)
  eden space 59392K, 0% used [0x00000000eaa80000,0x00000000eaa80000,0x00000000ee480000)
  from space 26112K, 99% used [0x00000000f0f00000,0x00000000f287f620,0x00000000f2880000)
  to   space 43520K, 0% used [0x00000000ee480000,0x00000000ee480000,0x00000000f0f00000)
 ParOldGen       total 71168K, used 65548K [0x00000000c0000000, 0x00000000c4580000, 0x00000000eaa80000)
  object space 71168K, 92% used [0x00000000c0000000,0x00000000c4003058,0x00000000c4580000)
 PSPermGen       total 21504K, used 6094K [0x00000000b5a00000, 0x00000000b6f00000, 0x00000000c0000000)
  object space 21504K, 28% used [0x00000000b5a00000,0x00000000b5ff3b00,0x00000000b6f00000)

