# JRE version: OpenJDK Runtime Environment (7.0_91-b02) (build 1.7.0_91-b02)
# Java VM: OpenJDK 64-Bit Server VM (24.91-b01 mixed mode linux-amd64 compressed oops)
Heap
 PSYoungGen      total 256512K, used 11763K [0x00000000eaa80000, 0x00000000fb180000, 0x0000000100000000)
  eden space 244736K, 0% used [0x00000000eaa80000,0x00000000eaa80000,0x00000000f9980000)
  from space 11776K, 99% used [0x00000000f9980000,0x00000000fa4fcea8,0x00000000fa500000)
  to   space 10752K, 0% used [0x00000000fa500000,0x00000000fa500000,0x00000000faf80000)
 ParOldGen       total 45568K, used 18429K [0x00000000c0000000, 0x00000000c2c80000, 0x00000000eaa80000)
  object space 45568K, 40% used [0x00000000c0000000,0x00000000c11ff440,0x00000000c2c80000)
 PSPermGen       total 21504K, used 5492K [0x00000000b5a00000, 0x00000000b6f00000, 0x00000000c0000000)
  object space 21504K, 25% used [0x00000000b5a00000,0x00000000b5f5d220,0x00000000b6f00000)
GC Heap History (10 events):
Event: 3.110 GC heap after
Heap after GC invocations=5 (full 0):
 PSYoungGen      total 64000K, used 2528K [0x00000000eaa80000, 0x00000000f3280000, 0x0000000100000000)
  eden space 61440K, 0% used [0x00000000eaa80000,0x00000000eaa80000,0x00000000ee680000)
  from space 2560K, 98% used [0x00000000ee680000,0x00000000ee8f8110,0x00000000ee900000)
  to   space 8192K, 0% used [0x00000000f2a80000,0x00000000f2a80000,0x00000000f3280000)
 ParOldGen       total 39936K, used 16932K [0x00000000c0000000, 0x00000000c2700000, 0x00000000eaa80000)
  object space 39936K, 42% used [0x00000000c0000000,0x00000000c1089398,0x00000000c2700000)
 PSPermGen       total 21504K, used 5469K [0x00000000b5a00000, 0x00000000b6f00000, 0x00000000c0000000)
  object space 21504K, 25% used [0x00000000b5a00000,0x00000000b5f57458,0x00000000b6f00000)
}
Event: 3.386 GC heap before
{Heap before GC invocations=6 (full 0):
 PSYoungGen      total 64000K, used 63447K [0x00000000eaa80000, 0x00000000f3280000, 0x0000000100000000)
  eden space 61440K, 99% used [0x00000000eaa80000,0x00000000ee5fdb08,0x00000000ee680000)
  from space 2560K, 98% used [0x00000000ee680000,0x00000000ee8f8110,0x00000000ee900000)
  to   space 8192K, 0% used [0x00000000f2a80000,0x00000000f2a80000,0x00000000f3280000)
 ParOldGen       total 39936K, used 16932K [0x00000000c0000000, 0x00000000c2700000, 0x00000000eaa80000)
  object space 39936K, 42% used [0x00000000c0000000,0x00000000c1089398,0x00000000c2700000)
 PSPermGen       total 21504K, used 5474K [0x00000000b5a00000, 0x00000000b6f00000, 0x00000000c0000000)
  object space 21504K, 25% used [0x00000000b5a00000,0x00000000b5f58858,0x00000000b6f00000)
Event: 3.397 GC heap after
Heap after GC invocations=6 (full 0):
 PSYoungGen      total 131072K, used 5746K [0x00000000eaa80000, 0x00000000f3280000, 0x0000000100000000)
  eden space 122880K, 0% used [0x00000000eaa80000,0x00000000eaa80000,0x00000000f2280000)
  from space 8192K, 70% used [0x00000000f2a80000,0x00000000f301c810,0x00000000f3280000)
  to   space 8192K, 0% used [0x00000000f2280000,0x00000000f2280000,0x00000000f2a80000)
 ParOldGen       total 39936K, used 23799K [0x00000000c0000000, 0x00000000c2700000, 0x00000000eaa80000)
  object space 39936K, 59% used [0x00000000c0000000,0x00000000c173df78,0x00000000c2700000)
 PSPermGen       total 21504K, used 5474K [0x00000000b5a00000, 0x00000000b6f00000, 0x00000000c0000000)
  object space 21504K, 25% used [0x00000000b5a00000,0x00000000b5f58858,0x00000000b6f00000)
}
Event: 3.927 GC heap before
{Heap before GC invocations=7 (full 0):
 PSYoungGen      total 131072K, used 128626K [0x00000000eaa80000, 0x00000000f3280000, 0x0000000100000000)
  eden space 122880K, 100% used [0x00000000eaa80000,0x00000000f2280000,0x00000000f2280000)
  from space 8192K, 70% used [0x00000000f2a80000,0x00000000f301c810,0x00000000f3280000)
  to   space 8192K, 0% used [0x00000000f2280000,0x00000000f2280000,0x00000000f2a80000)
 ParOldGen       total 39936K, used 23799K [0x00000000c0000000, 0x00000000c2700000, 0x00000000eaa80000)
  object space 39936K, 59% used [0x00000000c0000000,0x00000000c173df78,0x00000000c2700000)
 PSPermGen       total 21504K, used 5483K [0x00000000b5a00000, 0x00000000b6f00000, 0x00000000c0000000)
  object space 21504K, 25% used [0x00000000b5a00000,0x00000000b5f5ac50,0x00000000b6f00000)
Event: 3.942 GC heap after
Heap after GC invocations=7 (full 0):
 PSYoungGen      total 131072K, used 8167K [0x00000000eaa80000, 0x00000000faf80000, 0x0000000100000000)
  eden space 122880K, 0% used [0x00000000eaa80000,0x00000000eaa80000,0x00000000f2280000)
  from space 8192K, 99% used [0x00000000f2280000,0x00000000f2a79c08,0x00000000f2a80000)
  to   space 10752K, 0% used [0x00000000fa500000,0x00000000fa500000,0x00000000faf80000)
 ParOldGen       total 39936K, used 26288K [0x00000000c0000000, 0x00000000c2700000, 0x00000000eaa80000)
  object space 39936K, 65% used [0x00000000c0000000,0x00000000c19ac088,0x00000000c2700000)
 PSPermGen       total 21504K, used 5483K [0x00000000b5a00000, 0x00000000b6f00000, 0x00000000c0000000)
  object space 21504K, 25% used [0x00000000b5a00000,0x00000000b5f5ac50,0x00000000b6f00000)
}
Event: 4.252 GC heap before
{Heap before GC invocations=8 (full 0):
 PSYoungGen      total 131072K, used 131047K [0x00000000eaa80000, 0x00000000faf80000, 0x0000000100000000)
  eden space 122880K, 100% used [0x00000000eaa80000,0x00000000f2280000,0x00000000f2280000)
  from space 8192K, 99% used [0x00000000f2280000,0x00000000f2a79c08,0x00000000f2a80000)
  to   space 10752K, 0% used [0x00000000fa500000,0x00000000fa500000,0x00000000faf80000)
 ParOldGen       total 39936K, used 26288K [0x00000000c0000000, 0x00000000c2700000, 0x00000000eaa80000)
  object space 39936K, 65% used [0x00000000c0000000,0x00000000c19ac088,0x00000000c2700000)
 PSPermGen       total 21504K, used 5487K [0x00000000b5a00000, 0x00000000b6f00000, 0x00000000c0000000)
  object space 21504K, 25% used [0x00000000b5a00000,0x00000000b5f5be70,0x00000000b6f00000)
Event: 4.277 GC heap after
Heap after GC invocations=8 (full 0):
 PSYoungGen      total 255488K, used 9204K [0x00000000eaa80000, 0x00000000fb180000, 0x0000000100000000)
  eden space 244736K, 0% used [0x00000000eaa80000,0x00000000eaa80000,0x00000000f9980000)
  from space 10752K, 85% used [0x00000000fa500000,0x00000000fadfd0f8,0x00000000faf80000)
  to   space 11776K, 0% used [0x00000000f9980000,0x00000000f9980000,0x00000000fa500000)
 ParOldGen       total 39936K, used 37267K [0x00000000c0000000, 0x00000000c2700000, 0x00000000eaa80000)
  object space 39936K, 93% used [0x00000000c0000000,0x00000000c2464d60,0x00000000c2700000)
 PSPermGen       total 21504K, used 5487K [0x00000000b5a00000, 0x00000000b6f00000, 0x00000000c0000000)
  object space 21504K, 25% used [0x00000000b5a00000,0x00000000b5f5be70,0x00000000b6f00000)
}
Event: 4.277 GC heap before
{Heap before GC invocations=9 (full 1):
 PSYoungGen      total 255488K, used 9204K [0x00000000eaa80000, 0x00000000fb180000, 0x0000000100000000)
  eden space 244736K, 0% used [0x00000000eaa80000,0x00000000eaa80000,0x00000000f9980000)
  from space 10752K, 85% used [0x00000000fa500000,0x00000000fadfd0f8,0x00000000faf80000)
  to   space 11776K, 0% used [0x00000000f9980000,0x00000000f9980000,0x00000000fa500000)
 ParOldGen       total 39936K, used 37267K [0x00000000c0000000, 0x00000000c2700000, 0x00000000eaa80000)
  object space 39936K, 93% used [0x00000000c0000000,0x00000000c2464d60,0x00000000c2700000)
 PSPermGen       total 21504K, used 5487K [0x00000000b5a00000, 0x00000000b6f00000, 0x00000000c0000000)
  object space 21504K, 25% used [0x00000000b5a00000,0x00000000b5f5be70,0x00000000b6f00000)
Event: 4.322 GC heap after
Heap after GC invocations=9 (full 1):
 PSYoungGen      total 255488K, used 0K [0x00000000eaa80000, 0x00000000fb180000, 0x0000000100000000)
  eden space 244736K, 0% used [0x00000000eaa80000,0x00000000eaa80000,0x00000000f9980000)
  from space 10752K, 0% used [0x00000000fa500000,0x00000000fa500000,0x00000000faf80000)
  to   space 11776K, 0% used [0x00000000f9980000,0x00000000f9980000,0x00000000fa500000)
 ParOldGen       total 45568K, used 16867K [0x00000000c0000000, 0x00000000c2c80000, 0x00000000eaa80000)
  object space 45568K, 37% used [0x00000000c0000000,0x00000000c1078f30,0x00000000c2c80000)
 PSPermGen       total 21504K, used 5485K [0x00000000b5a00000, 0x00000000b6f00000, 0x00000000c0000000)
  object space 21504K, 25% used [0x00000000b5a00000,0x00000000b5f5b678,0x00000000b6f00000)
}
Event: 5.589 GC heap before
{Heap before GC invocations=10 (full 1):
 PSYoungGen      total 255488K, used 244736K [0x00000000eaa80000, 0x00000000fb180000, 0x0000000100000000)
  eden space 244736K, 100% used [0x00000000eaa80000,0x00000000f9980000,0x00000000f9980000)
  from space 10752K, 0% used [0x00000000fa500000,0x00000000fa500000,0x00000000faf80000)
  to   space 11776K, 0% used [0x00000000f9980000,0x00000000f9980000,0x00000000fa500000)
 ParOldGen       total 45568K, used 16867K [0x00000000c0000000, 0x00000000c2c80000, 0x00000000eaa80000)
  object space 45568K, 37% used [0x00000000c0000000,0x00000000c1078f30,0x00000000c2c80000)
 PSPermGen       total 21504K, used 5492K [0x00000000b5a00000, 0x00000000b6f00000, 0x00000000c0000000)
  object space 21504K, 25% used [0x00000000b5a00000,0x00000000b5f5d220,0x00000000b6f00000)

