# JRE version: OpenJDK Runtime Environment (7.0_91-b02) (build 1.7.0_91-b02)
# Java VM: OpenJDK 64-Bit Server VM (24.91-b01 mixed mode linux-amd64 compressed oops)
Heap
 PSYoungGen      total 253440K, used 9501K [0x00000000eaa80000, 0x00000000fb180000, 0x0000000100000000)
  eden space 238592K, 0% used [0x00000000eaa80000,0x00000000eaa80000,0x00000000f9380000)
  from space 14848K, 63% used [0x00000000f9380000,0x00000000f9cc7798,0x00000000fa200000)
  to   space 13824K, 0% used [0x00000000fa200000,0x00000000fa200000,0x00000000faf80000)
 ParOldGen       total 39936K, used 36183K [0x00000000c0000000, 0x00000000c2700000, 0x00000000eaa80000)
  object space 39936K, 90% used [0x00000000c0000000,0x00000000c2355f08,0x00000000c2700000)
 PSPermGen       total 21504K, used 5494K [0x00000000b5a00000, 0x00000000b6f00000, 0x00000000c0000000)
  object space 21504K, 25% used [0x00000000b5a00000,0x00000000b5f5da18,0x00000000b6f00000)
GC Heap History (10 events):
Event: 1.772 GC heap after
Heap after GC invocations=4 (full 0):
 PSYoungGen      total 64000K, used 2551K [0x00000000eaa80000, 0x00000000eeb80000, 0x0000000100000000)
  eden space 61440K, 0% used [0x00000000eaa80000,0x00000000eaa80000,0x00000000ee680000)
  from space 2560K, 99% used [0x00000000ee900000,0x00000000eeb7dff8,0x00000000eeb80000)
  to   space 2560K, 0% used [0x00000000ee680000,0x00000000ee680000,0x00000000ee900000)
 ParOldGen       total 39936K, used 13816K [0x00000000c0000000, 0x00000000c2700000, 0x00000000eaa80000)
  object space 39936K, 34% used [0x00000000c0000000,0x00000000c0d7e3f0,0x00000000c2700000)
 PSPermGen       total 21504K, used 5369K [0x00000000b5a00000, 0x00000000b6f00000, 0x00000000c0000000)
  object space 21504K, 24% used [0x00000000b5a00000,0x00000000b5f3e5c0,0x00000000b6f00000)
}
Event: 2.225 GC heap before
{Heap before GC invocations=5 (full 0):
 PSYoungGen      total 64000K, used 63991K [0x00000000eaa80000, 0x00000000eeb80000, 0x0000000100000000)
  eden space 61440K, 100% used [0x00000000eaa80000,0x00000000ee680000,0x00000000ee680000)
  from space 2560K, 99% used [0x00000000ee900000,0x00000000eeb7dff8,0x00000000eeb80000)
  to   space 2560K, 0% used [0x00000000ee680000,0x00000000ee680000,0x00000000ee900000)
 ParOldGen       total 39936K, used 13816K [0x00000000c0000000, 0x00000000c2700000, 0x00000000eaa80000)
  object space 39936K, 34% used [0x00000000c0000000,0x00000000c0d7e3f0,0x00000000c2700000)
 PSPermGen       total 21504K, used 5470K [0x00000000b5a00000, 0x00000000b6f00000, 0x00000000c0000000)
  object space 21504K, 25% used [0x00000000b5a00000,0x00000000b5f57b60,0x00000000b6f00000)
Event: 2.230 GC heap after
Heap after GC invocations=5 (full 0):
 PSYoungGen      total 64000K, used 2536K [0x00000000eaa80000, 0x00000000f3380000, 0x0000000100000000)
  eden space 61440K, 0% used [0x00000000eaa80000,0x00000000eaa80000,0x00000000ee680000)
  from space 2560K, 99% used [0x00000000ee680000,0x00000000ee8fa008,0x00000000ee900000)
  to   space 8704K, 0% used [0x00000000f2b00000,0x00000000f2b00000,0x00000000f3380000)
 ParOldGen       total 39936K, used 17356K [0x00000000c0000000, 0x00000000c2700000, 0x00000000eaa80000)
  object space 39936K, 43% used [0x00000000c0000000,0x00000000c10f32e0,0x00000000c2700000)
 PSPermGen       total 21504K, used 5470K [0x00000000b5a00000, 0x00000000b6f00000, 0x00000000c0000000)
  object space 21504K, 25% used [0x00000000b5a00000,0x00000000b5f57b60,0x00000000b6f00000)
}
Event: 2.604 GC heap before
{Heap before GC invocations=6 (full 0):
 PSYoungGen      total 64000K, used 63433K [0x00000000eaa80000, 0x00000000f3380000, 0x0000000100000000)
  eden space 61440K, 99% used [0x00000000eaa80000,0x00000000ee5f8518,0x00000000ee680000)
  from space 2560K, 99% used [0x00000000ee680000,0x00000000ee8fa008,0x00000000ee900000)
  to   space 8704K, 0% used [0x00000000f2b00000,0x00000000f2b00000,0x00000000f3380000)
 ParOldGen       total 39936K, used 17356K [0x00000000c0000000, 0x00000000c2700000, 0x00000000eaa80000)
  object space 39936K, 43% used [0x00000000c0000000,0x00000000c10f32e0,0x00000000c2700000)
 PSPermGen       total 21504K, used 5474K [0x00000000b5a00000, 0x00000000b6f00000, 0x00000000c0000000)
  object space 21504K, 25% used [0x00000000b5a00000,0x00000000b5f589c0,0x00000000b6f00000)
Event: 2.634 GC heap after
Heap after GC invocations=6 (full 0):
 PSYoungGen      total 128512K, used 8675K [0x00000000eaa80000, 0x00000000f3980000, 0x0000000100000000)
  eden space 119808K, 0% used [0x00000000eaa80000,0x00000000eaa80000,0x00000000f1f80000)
  from space 8704K, 99% used [0x00000000f2b00000,0x00000000f3378cf8,0x00000000f3380000)
  to   space 11776K, 0% used [0x00000000f1f80000,0x00000000f1f80000,0x00000000f2b00000)
 ParOldGen       total 39936K, used 20217K [0x00000000c0000000, 0x00000000c2700000, 0x00000000eaa80000)
  object space 39936K, 50% used [0x00000000c0000000,0x00000000c13be610,0x00000000c2700000)
 PSPermGen       total 21504K, used 5474K [0x00000000b5a00000, 0x00000000b6f00000, 0x00000000c0000000)
  object space 21504K, 25% used [0x00000000b5a00000,0x00000000b5f589c0,0x00000000b6f00000)
}
Event: 3.082 GC heap before
{Heap before GC invocations=7 (full 0):
 PSYoungGen      total 128512K, used 128483K [0x00000000eaa80000, 0x00000000f3980000, 0x0000000100000000)
  eden space 119808K, 100% used [0x00000000eaa80000,0x00000000f1f80000,0x00000000f1f80000)
  from space 8704K, 99% used [0x00000000f2b00000,0x00000000f3378cf8,0x00000000f3380000)
  to   space 11776K, 0% used [0x00000000f1f80000,0x00000000f1f80000,0x00000000f2b00000)
 ParOldGen       total 39936K, used 20217K [0x00000000c0000000, 0x00000000c2700000, 0x00000000eaa80000)
  object space 39936K, 50% used [0x00000000c0000000,0x00000000c13be610,0x00000000c2700000)
 PSPermGen       total 21504K, used 5483K [0x00000000b5a00000, 0x00000000b6f00000, 0x00000000c0000000)
  object space 21504K, 25% used [0x00000000b5a00000,0x00000000b5f5ad18,0x00000000b6f00000)
Event: 3.099 GC heap after
Heap after GC invocations=7 (full 0):
 PSYoungGen      total 131584K, used 11598K [0x00000000eaa80000, 0x00000000faf80000, 0x0000000100000000)
  eden space 119808K, 0% used [0x00000000eaa80000,0x00000000eaa80000,0x00000000f1f80000)
  from space 11776K, 98% used [0x00000000f1f80000,0x00000000f2ad3ad8,0x00000000f2b00000)
  to   space 13824K, 0% used [0x00000000fa200000,0x00000000fa200000,0x00000000faf80000)
 ParOldGen       total 39936K, used 25343K [0x00000000c0000000, 0x00000000c2700000, 0x00000000eaa80000)
  object space 39936K, 63% used [0x00000000c0000000,0x00000000c18bff88,0x00000000c2700000)
 PSPermGen       total 21504K, used 5483K [0x00000000b5a00000, 0x00000000b6f00000, 0x00000000c0000000)
  object space 21504K, 25% used [0x00000000b5a00000,0x00000000b5f5ad18,0x00000000b6f00000)
}
Event: 3.374 GC heap before
{Heap before GC invocations=8 (full 0):
 PSYoungGen      total 131584K, used 131406K [0x00000000eaa80000, 0x00000000faf80000, 0x0000000100000000)
  eden space 119808K, 100% used [0x00000000eaa80000,0x00000000f1f80000,0x00000000f1f80000)
  from space 11776K, 98% used [0x00000000f1f80000,0x00000000f2ad3ad8,0x00000000f2b00000)
  to   space 13824K, 0% used [0x00000000fa200000,0x00000000fa200000,0x00000000faf80000)
 ParOldGen       total 39936K, used 25343K [0x00000000c0000000, 0x00000000c2700000, 0x00000000eaa80000)
  object space 39936K, 63% used [0x00000000c0000000,0x00000000c18bff88,0x00000000c2700000)
 PSPermGen       total 21504K, used 5487K [0x00000000b5a00000, 0x00000000b6f00000, 0x00000000c0000000)
  object space 21504K, 25% used [0x00000000b5a00000,0x00000000b5f5bf38,0x00000000b6f00000)
Event: 3.417 GC heap after
Heap after GC invocations=8 (full 0):
 PSYoungGen      total 252416K, used 11985K [0x00000000eaa80000, 0x00000000fb180000, 0x0000000100000000)
  eden space 238592K, 0% used [0x00000000eaa80000,0x00000000eaa80000,0x00000000f9380000)
  from space 13824K, 86% used [0x00000000fa200000,0x00000000fadb44b8,0x00000000faf80000)
  to   space 14848K, 0% used [0x00000000f9380000,0x00000000f9380000,0x00000000fa200000)
 ParOldGen       total 39936K, used 32517K [0x00000000c0000000, 0x00000000c2700000, 0x00000000eaa80000)
  object space 39936K, 81% used [0x00000000c0000000,0x00000000c1fc1668,0x00000000c2700000)
 PSPermGen       total 21504K, used 5487K [0x00000000b5a00000, 0x00000000b6f00000, 0x00000000c0000000)
  object space 21504K, 25% used [0x00000000b5a00000,0x00000000b5f5bf38,0x00000000b6f00000)
}
Event: 4.261 GC heap before
{Heap before GC invocations=9 (full 0):
 PSYoungGen      total 252416K, used 250577K [0x00000000eaa80000, 0x00000000fb180000, 0x0000000100000000)
  eden space 238592K, 100% used [0x00000000eaa80000,0x00000000f9380000,0x00000000f9380000)
  from space 13824K, 86% used [0x00000000fa200000,0x00000000fadb44b8,0x00000000faf80000)
  to   space 14848K, 0% used [0x00000000f9380000,0x00000000f9380000,0x00000000fa200000)
 ParOldGen       total 39936K, used 32517K [0x00000000c0000000, 0x00000000c2700000, 0x00000000eaa80000)
  object space 39936K, 81% used [0x00000000c0000000,0x00000000c1fc1668,0x00000000c2700000)
 PSPermGen       total 21504K, used 5494K [0x00000000b5a00000, 0x00000000b6f00000, 0x00000000c0000000)
  object space 21504K, 25% used [0x00000000b5a00000,0x00000000b5f5da18,0x00000000b6f00000)

